e:\uni\files\introduction to shaders\assessment\vs\lab_lighting\teapotad\teapotad\debug\teapotad.pch
e:\uni\files\introduction to shaders\assessment\vs\lab_lighting\teapotad\teapotad\debug\vc142.pdb
e:\uni\files\introduction to shaders\assessment\vs\lab_lighting\teapotad\teapotad\debug\vc142.idb
e:\uni\files\introduction to shaders\assessment\vs\lab_lighting\teapotad\teapotad\debug\stdafx.obj
e:\uni\files\introduction to shaders\assessment\vs\lab_lighting\teapotad\teapotad\debug\vboteapot.obj
e:\uni\files\introduction to shaders\assessment\vs\lab_lighting\teapotad\teapotad\debug\vboplane.obj
e:\uni\files\introduction to shaders\assessment\vs\lab_lighting\teapotad\teapotad\debug\texture.obj
e:\uni\files\introduction to shaders\assessment\vs\lab_lighting\teapotad\teapotad\debug\teapotad.obj
e:\uni\files\introduction to shaders\assessment\vs\lab_lighting\teapotad\teapotad\debug\scenediffuse.obj
e:\uni\files\introduction to shaders\assessment\vs\lab_lighting\teapotad\teapotad\debug\quatcamera.obj
e:\uni\files\introduction to shaders\assessment\vs\lab_lighting\teapotad\teapotad\debug\gl_core_4_3.obj
e:\uni\files\introduction to shaders\assessment\vs\lab_lighting\teapotad\teapotad\debug\glutils.obj
e:\uni\files\introduction to shaders\assessment\vs\lab_lighting\teapotad\teapotad\debug\glslprogram.obj
e:\uni\files\introduction to shaders\assessment\vs\lab_lighting\teapotad\teapotad\debug\drawable.obj
e:\uni\files\introduction to shaders\assessment\vs\lab_lighting\teapotad\teapotad\debug\bitmap.obj
e:\uni\files\introduction to shaders\assessment\vs\lab_lighting\teapotad\teapotad\debug\sceneambient.obj
e:\uni\files\introduction to shaders\assessment\vs\lab_lighting\teapotad\teapotad\debug\scenespecular.obj
e:\uni\files\introduction to shaders\assessment\vs\lab_lighting\teapotad\teapotad\debug\scenecombined.obj
e:\uni\files\introduction to shaders\assessment\vs\lab_lighting\teapotad\debug\teapotad.exe
e:\uni\files\introduction to shaders\assessment\vs\lab_lighting\teapotad\teapotad\debug\teapotad.ilk
e:\uni\files\introduction to shaders\assessment\vs\lab_lighting\teapotad\debug\teapotad.pdb
e:\uni\files\introduction to shaders\assessment\vs\lab_lighting\teapotad\teapotad\debug\teapotad.tlog\cl.read.1.tlog
e:\uni\files\introduction to shaders\assessment\vs\lab_lighting\teapotad\teapotad\debug\teapotad.tlog\cl.write.1.tlog
e:\uni\files\introduction to shaders\assessment\vs\lab_lighting\teapotad\teapotad\debug\teapotad.tlog\cl.command.1.tlog
e:\uni\files\introduction to shaders\assessment\vs\lab_lighting\teapotad\teapotad\debug\teapotad.tlog\link.read.1.tlog
e:\uni\files\introduction to shaders\assessment\vs\lab_lighting\teapotad\teapotad\debug\teapotad.tlog\link.write.1.tlog
e:\uni\files\introduction to shaders\assessment\vs\lab_lighting\teapotad\teapotad\debug\teapotad.tlog\link.command.1.tlog
